<?xml version='1.0' encoding='UTF-8'?>
<testsuite hostname="Guoliangs-MacBook-Air.local" name="barneshut.BarnesHutSuite" tests="9" errors="0" failures="1" skipped="0" time="0.47" timestamp="2020-11-12T01:25:15">
                     <properties>
[...]
</properties>
                     <testcase classname="barneshut.BarnesHutSuite" name="+=' should add a body at (25,47) to the correct bucket of a sector matrix of size 96 (2pts)" time="0.39">
                                                 
                                               </testcase><testcase classname="barneshut.BarnesHutSuite" name="Leaf with 1 body" time="0.049">
                                                 
                                               </testcase><testcase classname="barneshut.BarnesHutSuite" name="Empty: total should be 0" time="0.002">
                                                 
                                               </testcase><testcase classname="barneshut.BarnesHutSuite" name="updated should take bodies in a Leaf into account (2pts)" time="0.004">
                                                 
                                               </testcase><testcase classname="barneshut.BarnesHutSuite" name="Empty: mass should be 0" time="0.002">
                                                 
                                               </testcase><testcase classname="barneshut.BarnesHutSuite" name="updated should do nothing for Empty quad trees" time="0.001">
                                                 
                                               </testcase><testcase classname="barneshut.BarnesHutSuite" name="Fork with 3 empty quadrants and 1 leaf (nw)" time="0.008">
                                                 <failure message="java.lang.AssertionError: assertion failed: 20.0 should be 18f" type="sbt.ForkMain$ForkError">sbt.ForkMain$ForkError: java.lang.AssertionError: assertion failed: 20.0 should be 18f
	at scala.Predef$.assert(Predef.scala:282)
	at barneshut.BarnesHutSuite.Fork$u0020with$u00203$u0020empty$u0020quadrants$u0020and$u00201$u0020leaf$u0020$u0028nw$u0029(BarnesHutSuite.scala:53)
	at sun.reflect.NativeMethodAccessorImpl.invoke0(Native Method)
	at sun.reflect.NativeMethodAccessorImpl.invoke(NativeMethodAccessorImpl.java:62)
	at sun.reflect.DelegatingMethodAccessorImpl.invoke(DelegatingMethodAccessorImpl.java:43)
	at java.lang.reflect.Method.invoke(Method.java:498)
	at org.junit.runners.model.FrameworkMethod$1.runReflectiveCall(FrameworkMethod.java:47)
	at org.junit.internal.runners.model.ReflectiveCallable.run(ReflectiveCallable.java:12)
	at org.junit.runners.model.FrameworkMethod.invokeExplosively(FrameworkMethod.java:44)
	at org.junit.internal.runners.statements.InvokeMethod.evaluate(InvokeMethod.java:17)
	at org.junit.internal.runners.statements.FailOnTimeout$StatementThread.run(FailOnTimeout.java:74)
</failure>
                                               </testcase><testcase classname="barneshut.BarnesHutSuite" name="Empty: center of mass should be the center of the cell" time="0.003">
                                                 
                                               </testcase><testcase classname="barneshut.BarnesHutSuite" name="insert(b) should return a Leaf with only that body (2pts)" time="0.011">
                                                 
                                               </testcase>
                     <system-out><![CDATA[]]></system-out>
                     <system-err><![CDATA[]]></system-err>
                   </testsuite>